CRITICAL - 2022-01-04 09:40:57 --> syntax error, unexpected '}', expecting ';'
#0 /app/myapp/system/Autoloader/Autoloader.php(241): CodeIgniter\Autoloader\Autoloader->includeFile()
#1 /app/myapp/system/Autoloader/Autoloader.php(219): CodeIgniter\Autoloader\Autoloader->loadInNamespace()
#2 [internal function]: CodeIgniter\Autoloader\Autoloader->loadClass()
#3 [internal function]: spl_autoload_call()
#4 /app/myapp/system/CodeIgniter.php(789): class_exists()
#5 /app/myapp/system/CodeIgniter.php(397): CodeIgniter\CodeIgniter->startController()
#6 /app/myapp/system/CodeIgniter.php(318): CodeIgniter\CodeIgniter->handleRequest()
#7 /app/myapp/public/index.php(37): CodeIgniter\CodeIgniter->run()
#8 {main}
CRITICAL - 2022-01-04 10:16:16 --> syntax error, unexpected '}', expecting ';'
#0 /app/myapp/system/Router/Router.php(176): CodeIgniter\Router\Router->autoRoute()
#1 /app/myapp/system/CodeIgniter.php(718): CodeIgniter\Router\Router->handle()
#2 /app/myapp/system/CodeIgniter.php(359): CodeIgniter\CodeIgniter->tryToRouteIt()
#3 /app/myapp/system/CodeIgniter.php(318): CodeIgniter\CodeIgniter->handleRequest()
#4 /app/myapp/public/index.php(37): CodeIgniter\CodeIgniter->run()
#5 {main}
CRITICAL - 2022-01-04 10:16:30 --> syntax error, unexpected '}', expecting ';'
#0 /app/myapp/system/Router/Router.php(176): CodeIgniter\Router\Router->autoRoute()
#1 /app/myapp/system/CodeIgniter.php(718): CodeIgniter\Router\Router->handle()
#2 /app/myapp/system/CodeIgniter.php(359): CodeIgniter\CodeIgniter->tryToRouteIt()
#3 /app/myapp/system/CodeIgniter.php(318): CodeIgniter\CodeIgniter->handleRequest()
#4 /app/myapp/public/index.php(37): CodeIgniter\CodeIgniter->run()
#5 {main}
